0 info it worked if it ends with ok
1 verbose cli [ '/usr/bin/nodejs', '/usr/bin/npm', 'publish' ]
2 info using npm@3.5.2
3 info using node@v4.2.6
4 verbose publish [ '.' ]
5 silly cache add args [ '.', null ]
6 verbose cache add spec .
7 silly cache add parsed spec Result {
7 silly cache add   raw: '.',
7 silly cache add   scope: null,
7 silly cache add   name: null,
7 silly cache add   rawSpec: '.',
7 silly cache add   spec: '/home/viralvector/_work/vue-upload-image',
7 silly cache add   type: 'directory' }
8 verbose addLocalDirectory /home/viralvector/.npm/vue-upload-image/1.0.3/package.tgz not in flight; packing
9 info lifecycle vue-upload-image@1.0.3~prepublish: vue-upload-image@1.0.3
10 silly lifecycle vue-upload-image@1.0.3~prepublish: no script for prepublish, continuing
11 verbose tar pack [ '/home/viralvector/.npm/vue-upload-image/1.0.3/package.tgz',
11 verbose tar pack   '/home/viralvector/_work/vue-upload-image' ]
12 verbose tarball /home/viralvector/.npm/vue-upload-image/1.0.3/package.tgz
13 verbose folder /home/viralvector/_work/vue-upload-image
14 verbose addLocalTarball adding from inside cache /home/viralvector/.npm/vue-upload-image/1.0.3/package.tgz
15 silly cache afterAdd vue-upload-image@1.0.3
16 verbose afterAdd /home/viralvector/.npm/vue-upload-image/1.0.3/package/package.json not in flight; writing
17 verbose afterAdd /home/viralvector/.npm/vue-upload-image/1.0.3/package/package.json written
18 silly publish { name: 'vue-upload-image',
18 silly publish   version: '1.0.3',
18 silly publish   description: 'Configurable image preview & ajax up-loader',
18 silly publish   main: 'dist/upload_image.vue',
18 silly publish   repository:
18 silly publish    { type: 'git',
18 silly publish      url: 'git+https://github.com/viral-vector/vue-upload-image.git' },
18 silly publish   keywords:
18 silly publish    [ 'vue-image-upload',
18 silly publish      'vue.js image uploader',
18 silly publish      'vue.js image',
18 silly publish      'vue image.js',
18 silly publish      'vue.js uploader',
18 silly publish      'vue.js',
18 silly publish      'image',
18 silly publish      'upload',
18 silly publish      'multiple',
18 silly publish      'component',
18 silly publish      'vue-component',
18 silly publish      'vue-upload-component' ],
18 silly publish   author: { name: 'viral_vector', email: 'vectorviral@gmail.com' },
18 silly publish   license: 'MIT',
18 silly publish   bugs: { url: 'https://github.com/viral-vector/vue-upload-image/issues' },
18 silly publish   homepage: 'https://github.com/viral-vector/vue-upload-image',
18 silly publish   dependencies: {},
18 silly publish   readme: '# vue-upload-image\nConfigurable image uploader with preview\n\n + drag and drop with input backup\n + image previews\n + events\n + minimal\n + configurable\n\n![example](example/images/example.png)\n\n## Installation\n#### NPM\n```bash\nnpm install vue-upload-image --save\n```\n#### Vue\n```javascript\nthis component assumes Vue.prototype.$http has been defined via vue-resourse or Axios. \n[More info](https://medium.com/the-vue-point/retiring-vue-resource-871a82880af4#.z4rqh1qtp)\n```\n\n## Usage\n\n## \n\n#### ES6\n```js\nimport UploadImage from \'vue-upload-image\';\n\nnew Vue({\n    template: \'<upload-image url=""></upload-image>\',\n    components: {\n        UploadImage\n    }\n})\n```\n\n```html\n<upload-image url="" name="" max_files=""></upload-image>\n```\n\n```css\n.vue_component__upload--image\n    .upload_image_form__thumbnails\n        .upload_image_form__thumbnail [&.bad-size, &.uploaded]\n            .img [&.show, &:hover]\n            span\n```\n## Events\n    upload-image-attempt -> [FormData]\n    upload-image-success -> [FormData, Response]\n    upload-image-failure -> [FormData, Response] \n\n## Configuration\n    url: {\n        type: String,\n        required: true,\n        default: null\n    },\n    name: {\n        type: String,\n        required: false,\n        default: \'images[]\'\n    },\n    max_batch: { // # of files to upload within one request\n        type: Number,\n        required: false,\n        default: 0\n    },\n    max_files: { // total # of files allowed to be uploaded\n        type: Number,\n        required: false,\n        default: 10\n    },\n    max_filesize: { // max files size in KB\n        type: Number,\n        required: false,\n        default: 8000\n    },\n    button_html: { // text/html for button\n        type: String,\n        required: false,\n        default: \'Upload Images\'\n    },\n    button_class: { // classes for button\n        type: String,\n        required: false,\n        default: \'btn btn-primary\'\n    }\n\n## License\n[MIT](http://vjpr.mit-license.org)',
18 silly publish   readmeFilename: 'README.md',
18 silly publish   gitHead: '3b2082f57b22866d13a3d08f37b08010ab7f0770',
18 silly publish   _id: 'vue-upload-image@1.0.3',
18 silly publish   scripts: {},
18 silly publish   _shasum: '07c1b69b822319ff4c4a3d2aed720f1a0daa7ba3',
18 silly publish   _from: '.' }
19 verbose getPublishConfig undefined
20 silly mapToRegistry name vue-upload-image
21 silly mapToRegistry using default registry
22 silly mapToRegistry registry https://registry.npmjs.org/
23 silly mapToRegistry uri https://registry.npmjs.org/vue-upload-image
24 verbose publish registryBase https://registry.npmjs.org/
25 silly publish uploading /home/viralvector/.npm/vue-upload-image/1.0.3/package.tgz
26 verbose request uri https://registry.npmjs.org/vue-upload-image
27 verbose request sending authorization for write operation
28 info attempt registry request try #1 at 1:41:16 PM
29 verbose request using bearer token for auth
30 verbose request id 7d871dbe400e917d
31 http request PUT https://registry.npmjs.org/vue-upload-image
32 http 403 https://registry.npmjs.org/vue-upload-image
33 verbose headers { 'content-type': 'application/json',
33 verbose headers   'cache-control': 'max-age=300',
33 verbose headers   'content-length': '95',
33 verbose headers   'accept-ranges': 'bytes',
33 verbose headers   date: 'Sun, 02 Apr 2017 17:41:17 GMT',
33 verbose headers   via: '1.1 varnish',
33 verbose headers   connection: 'keep-alive',
33 verbose headers   'x-served-by': 'cache-jfk8150-JFK',
33 verbose headers   'x-cache': 'MISS',
33 verbose headers   'x-cache-hits': '0',
33 verbose headers   'x-timer': 'S1491154876.698799,VS0,VE1056',
33 verbose headers   vary: 'Accept-Encoding' }
34 verbose request invalidating /home/viralvector/.npm/registry.npmjs.org/vue-upload-image on PUT
35 error publish Failed PUT 403
36 verbose stack Error: "You cannot publish over the previously published version 1.0.3." : vue-upload-image
36 verbose stack     at makeError (/usr/share/npm/node_modules/npm-registry-client/lib/request.js:264:12)
36 verbose stack     at CachingRegistryClient.<anonymous> (/usr/share/npm/node_modules/npm-registry-client/lib/request.js:252:14)
36 verbose stack     at Request._callback (/usr/share/npm/node_modules/npm-registry-client/lib/request.js:172:14)
36 verbose stack     at Request.self.callback (/usr/share/npm/node_modules/request/request.js:198:22)
36 verbose stack     at emitTwo (events.js:87:13)
36 verbose stack     at Request.emit (events.js:172:7)
36 verbose stack     at Request.<anonymous> (/usr/share/npm/node_modules/request/request.js:1082:10)
36 verbose stack     at emitOne (events.js:82:20)
36 verbose stack     at Request.emit (events.js:169:7)
36 verbose stack     at IncomingMessage.<anonymous> (/usr/share/npm/node_modules/request/request.js:1009:12)
37 verbose statusCode 403
38 verbose pkgid vue-upload-image
39 verbose cwd /home/viralvector/_work/vue-upload-image
40 error Linux 4.8.0-42-generic
41 error argv "/usr/bin/nodejs" "/usr/bin/npm" "publish"
42 error node v4.2.6
43 error npm  v3.5.2
44 error code E403
45 error "You cannot publish over the previously published version 1.0.3." : vue-upload-image
46 error If you need help, you may report this error at:
46 error     <https://github.com/npm/npm/issues>
47 verbose exit [ 1, true ]
